Flow report for Niu32_multicycle
Tue Jul 14 23:12:28 2015
Quartus II 64-Bit Version 13.0.1 Build 232 06/12/2013 Service Pack 1 SJ Web Edition


---------------------
; Table of Contents ;
---------------------
  1. Legal Notice
  2. Flow Summary
  3. Flow Settings
  4. Flow Non-Default Global Settings
  5. Flow Elapsed Time
  6. Flow OS Summary
  7. Flow Log
  8. Flow Messages
  9. Flow Suppressed Messages



----------------
; Legal Notice ;
----------------
Copyright (C) 1991-2013 Altera Corporation
Your use of Altera Corporation's design tools, logic functions 
and other software and tools, and its AMPP partner logic 
functions, and any output files from any of the foregoing 
(including device programming or simulation files), and any 
associated documentation or information are expressly subject 
to the terms and conditions of the Altera Program License 
Subscription Agreement, Altera MegaCore Function License 
Agreement, or other applicable license agreement, including, 
without limitation, that your use is for the sole purpose of 
programming logic devices manufactured by Altera and sold by 
Altera or its authorized distributors.  Please refer to the 
applicable agreement for further details.



+--------------------------------------------------------------------------------------+
; Flow Summary                                                                         ;
+------------------------------------+-------------------------------------------------+
; Flow Status                        ; Successful - Tue Jul 14 23:12:28 2015           ;
; Quartus II 64-Bit Version          ; 13.0.1 Build 232 06/12/2013 SP 1 SJ Web Edition ;
; Revision Name                      ; Niu32_multicycle                                ;
; Top-level Entity Name              ; Niu32_multicycle                                ;
; Family                             ; Cyclone II                                      ;
; Device                             ; EP2C20F484C7                                    ;
; Timing Models                      ; Final                                           ;
; Total logic elements               ; N/A until Partition Merge                       ;
;     Total combinational functions  ; N/A until Partition Merge                       ;
;     Dedicated logic registers      ; N/A until Partition Merge                       ;
; Total registers                    ; N/A until Partition Merge                       ;
; Total pins                         ; N/A until Partition Merge                       ;
; Total virtual pins                 ; N/A until Partition Merge                       ;
; Total memory bits                  ; N/A until Partition Merge                       ;
; Embedded Multiplier 9-bit elements ; N/A until Partition Merge                       ;
; Total PLLs                         ; N/A until Partition Merge                       ;
+------------------------------------+-------------------------------------------------+


+-----------------------------------------+
; Flow Settings                           ;
+-------------------+---------------------+
; Option            ; Setting             ;
+-------------------+---------------------+
; Start date & time ; 07/14/2015 23:12:17 ;
; Main task         ; Compilation         ;
; Revision Name     ; Niu32_multicycle    ;
+-------------------+---------------------+


+------------------------------------------------------------------------------------------------------------------------------------------------------------------------------------------------------------------------------------------------------------------------------------------------------------------------------------------------------------------------------------------------------------------------+
; Flow Non-Default Global Settings                                                                                                                                                                                                                                                                                                                                                                                       ;
+---------------------------------------------------+-------------------------------------------------------------------------------------------------------------------------------------------------------------------------------------------------------------------------------------------------------------------------------------------------------------------+---------------+-------------+------------------+
; Assignment Name                                   ; Value                                                                                                                                                                                                                                                                                                             ; Default Value ; Entity Name ; Section Id       ;
+---------------------------------------------------+-------------------------------------------------------------------------------------------------------------------------------------------------------------------------------------------------------------------------------------------------------------------------------------------------------------------+---------------+-------------+------------------+
; ADD_PASS_THROUGH_LOGIC_TO_INFERRED_RAMS           ; Off                                                                                                                                                                                                                                                                                                               ; On            ; --          ; --               ;
; ALLOW_ANY_RAM_SIZE_FOR_RECOGNITION                ; On                                                                                                                                                                                                                                                                                                                ; Off           ; --          ; --               ;
; ALLOW_ANY_ROM_SIZE_FOR_RECOGNITION                ; On                                                                                                                                                                                                                                                                                                                ; Off           ; --          ; --               ;
; AUTO_RAM_TO_LCELL_CONVERSION                      ; On                                                                                                                                                                                                                                                                                                                ; Off           ; --          ; --               ;
; COMPILER_SIGNATURE_ID                             ; 220964047305497.143693353700164                                                                                                                                                                                                                                                                                   ; --            ; --          ; --               ;
; CYCLONEII_OPTIMIZATION_TECHNIQUE                  ; Speed                                                                                                                                                                                                                                                                                                             ; Balanced      ; --          ; --               ;
; EDA_OUTPUT_DATA_FORMAT                            ; Verilog Hdl                                                                                                                                                                                                                                                                                                       ; --            ; --          ; eda_simulation   ;
; EDA_RUN_TOOL_AUTOMATICALLY                        ; Off                                                                                                                                                                                                                                                                                                               ; --            ; --          ; eda_simulation   ;
; EDA_SIMULATION_TOOL                               ; ModelSim-Altera (Verilog)                                                                                                                                                                                                                                                                                         ; <None>        ; --          ; --               ;
; EDA_TIME_SCALE                                    ; 1 ps                                                                                                                                                                                                                                                                                                              ; --            ; --          ; eda_simulation   ;
; ENABLE_SIGNALTAP                                  ; On                                                                                                                                                                                                                                                                                                                ; --            ; --          ; --               ;
; FITTER_EFFORT                                     ; Standard Fit                                                                                                                                                                                                                                                                                                      ; Auto Fit      ; --          ; --               ;
; IP_TOOL_NAME                                      ; ALTPLL                                                                                                                                                                                                                                                                                                            ; --            ; --          ; --               ;
; IP_TOOL_VERSION                                   ; 13.0                                                                                                                                                                                                                                                                                                              ; --            ; --          ; --               ;
; MAX_CORE_JUNCTION_TEMP                            ; 85                                                                                                                                                                                                                                                                                                                ; --            ; --          ; --               ;
; MIN_CORE_JUNCTION_TEMP                            ; 0                                                                                                                                                                                                                                                                                                                 ; --            ; --          ; --               ;
; MISC_FILE                                         ; Pll_bb.v                                                                                                                                                                                                                                                                                                          ; --            ; --          ; --               ;
; MISC_FILE                                         ; Pll.ppf                                                                                                                                                                                                                                                                                                           ; --            ; --          ; --               ;
; PARTITION_COLOR                                   ; 16764057                                                                                                                                                                                                                                                                                                          ; --            ; --          ; Top              ;
; PARTITION_FITTER_PRESERVATION_LEVEL               ; PLACEMENT_AND_ROUTING                                                                                                                                                                                                                                                                                             ; --            ; --          ; Top              ;
; PARTITION_NETLIST_TYPE                            ; SOURCE                                                                                                                                                                                                                                                                                                            ; --            ; --          ; Top              ;
; PHYSICAL_SYNTHESIS_ASYNCHRONOUS_SIGNAL_PIPELINING ; On                                                                                                                                                                                                                                                                                                                ; Off           ; --          ; --               ;
; PHYSICAL_SYNTHESIS_COMBO_LOGIC                    ; On                                                                                                                                                                                                                                                                                                                ; Off           ; --          ; --               ;
; PHYSICAL_SYNTHESIS_EFFORT                         ; Fast                                                                                                                                                                                                                                                                                                              ; Normal        ; --          ; --               ;
; PHYSICAL_SYNTHESIS_REGISTER_DUPLICATION           ; On                                                                                                                                                                                                                                                                                                                ; Off           ; --          ; --               ;
; PHYSICAL_SYNTHESIS_REGISTER_RETIMING              ; On                                                                                                                                                                                                                                                                                                                ; Off           ; --          ; --               ;
; PLACEMENT_EFFORT_MULTIPLIER                       ; 10                                                                                                                                                                                                                                                                                                                ; 1.0           ; --          ; --               ;
; POWER_AUTO_COMPUTE_TJ                             ; Off                                                                                                                                                                                                                                                                                                               ; On            ; --          ; --               ;
; POWER_TJ_VALUE                                    ; 85                                                                                                                                                                                                                                                                                                                ; 25            ; --          ; --               ;
; REMOVE_REDUNDANT_LOGIC_CELLS                      ; On                                                                                                                                                                                                                                                                                                                ; Off           ; --          ; --               ;
; ROUTER_EFFORT_MULTIPLIER                          ; 10                                                                                                                                                                                                                                                                                                                ; 1.0           ; --          ; --               ;
; ROUTER_TIMING_OPTIMIZATION_LEVEL                  ; MAXIMUM                                                                                                                                                                                                                                                                                                           ; Normal        ; --          ; --               ;
; SLD_FILE                                          ; C:/Users/Jinhai Steakhouse/OneDrive/Misc. Projects/Niu32-multicycle/stp1_auto_stripped.stp                                                                                                                                                                                                                        ; --            ; --          ; --               ;
; SLD_NODE_CREATOR_ID                               ; 110                                                                                                                                                                                                                                                                                                               ; --            ; --          ; auto_signaltap_0 ;
; SLD_NODE_ENTITY_NAME                              ; sld_signaltap                                                                                                                                                                                                                                                                                                     ; --            ; --          ; auto_signaltap_0 ;
; SLD_NODE_PARAMETER_ASSIGNMENT                     ; SLD_NODE_INFO=805334528                                                                                                                                                                                                                                                                                           ; --            ; --          ; auto_signaltap_0 ;
; SLD_NODE_PARAMETER_ASSIGNMENT                     ; SLD_POWER_UP_TRIGGER=0                                                                                                                                                                                                                                                                                            ; --            ; --          ; auto_signaltap_0 ;
; SLD_NODE_PARAMETER_ASSIGNMENT                     ; SLD_SEGMENT_SIZE=128                                                                                                                                                                                                                                                                                              ; --            ; --          ; auto_signaltap_0 ;
; SLD_NODE_PARAMETER_ASSIGNMENT                     ; SLD_ATTRIBUTE_MEM_MODE=OFF                                                                                                                                                                                                                                                                                        ; --            ; --          ; auto_signaltap_0 ;
; SLD_NODE_PARAMETER_ASSIGNMENT                     ; SLD_STATE_FLOW_USE_GENERATED=0                                                                                                                                                                                                                                                                                    ; --            ; --          ; auto_signaltap_0 ;
; SLD_NODE_PARAMETER_ASSIGNMENT                     ; SLD_STATE_BITS=11                                                                                                                                                                                                                                                                                                 ; --            ; --          ; auto_signaltap_0 ;
; SLD_NODE_PARAMETER_ASSIGNMENT                     ; SLD_BUFFER_FULL_STOP=1                                                                                                                                                                                                                                                                                            ; --            ; --          ; auto_signaltap_0 ;
; SLD_NODE_PARAMETER_ASSIGNMENT                     ; SLD_CURRENT_RESOURCE_WIDTH=1                                                                                                                                                                                                                                                                                      ; --            ; --          ; auto_signaltap_0 ;
; SLD_NODE_PARAMETER_ASSIGNMENT                     ; SLD_TRIGGER_LEVEL=1                                                                                                                                                                                                                                                                                               ; --            ; --          ; auto_signaltap_0 ;
; SLD_NODE_PARAMETER_ASSIGNMENT                     ; SLD_SAMPLE_DEPTH=128                                                                                                                                                                                                                                                                                              ; --            ; --          ; auto_signaltap_0 ;
; SLD_NODE_PARAMETER_ASSIGNMENT                     ; SLD_TRIGGER_IN_ENABLED=0                                                                                                                                                                                                                                                                                          ; --            ; --          ; auto_signaltap_0 ;
; SLD_NODE_PARAMETER_ASSIGNMENT                     ; SLD_ADVANCED_TRIGGER_ENTITY=basic,1,                                                                                                                                                                                                                                                                              ; --            ; --          ; auto_signaltap_0 ;
; SLD_NODE_PARAMETER_ASSIGNMENT                     ; SLD_TRIGGER_LEVEL_PIPELINE=1                                                                                                                                                                                                                                                                                      ; --            ; --          ; auto_signaltap_0 ;
; SLD_NODE_PARAMETER_ASSIGNMENT                     ; SLD_ENABLE_ADVANCED_TRIGGER=0                                                                                                                                                                                                                                                                                     ; --            ; --          ; auto_signaltap_0 ;
; SLD_NODE_PARAMETER_ASSIGNMENT                     ; SLD_DATA_BITS=66                                                                                                                                                                                                                                                                                                  ; --            ; --          ; auto_signaltap_0 ;
; SLD_NODE_PARAMETER_ASSIGNMENT                     ; SLD_TRIGGER_BITS=66                                                                                                                                                                                                                                                                                               ; --            ; --          ; auto_signaltap_0 ;
; SLD_NODE_PARAMETER_ASSIGNMENT                     ; SLD_NODE_CRC_LOWORD=14419                                                                                                                                                                                                                                                                                         ; --            ; --          ; auto_signaltap_0 ;
; SLD_NODE_PARAMETER_ASSIGNMENT                     ; SLD_STORAGE_QUALIFIER_BITS=66                                                                                                                                                                                                                                                                                     ; --            ; --          ; auto_signaltap_0 ;
; SLD_NODE_PARAMETER_ASSIGNMENT                     ; SLD_INVERSION_MASK=0000000000000000000000000000000000000000000000000000000000000000000000000000000000000000000000000000000000000000000000000000000000000000000000000000000000000000000000000000000000000000000000000000000000000000000000000000000000000000000000000000000000000000000000000000000000000000000000 ; --            ; --          ; auto_signaltap_0 ;
; SLD_NODE_PARAMETER_ASSIGNMENT                     ; SLD_INVERSION_MASK_LENGTH=286                                                                                                                                                                                                                                                                                     ; --            ; --          ; auto_signaltap_0 ;
; SLD_NODE_PARAMETER_ASSIGNMENT                     ; SLD_STORAGE_QUALIFIER_INVERSION_MASK_LENGTH=67                                                                                                                                                                                                                                                                    ; --            ; --          ; auto_signaltap_0 ;
; SLD_NODE_PARAMETER_ASSIGNMENT                     ; SLD_STORAGE_QUALIFIER_GAP_RECORD=1                                                                                                                                                                                                                                                                                ; --            ; --          ; auto_signaltap_0 ;
; SLD_NODE_PARAMETER_ASSIGNMENT                     ; SLD_STORAGE_QUALIFIER_MODE=TRANSITIONAL                                                                                                                                                                                                                                                                           ; --            ; --          ; auto_signaltap_0 ;
; SLD_NODE_PARAMETER_ASSIGNMENT                     ; SLD_NODE_CRC_HIWORD=13148                                                                                                                                                                                                                                                                                         ; --            ; --          ; auto_signaltap_0 ;
; SMART_RECOMPILE                                   ; On                                                                                                                                                                                                                                                                                                                ; Off           ; --          ; --               ;
; SYNTH_TIMING_DRIVEN_SYNTHESIS                     ; On                                                                                                                                                                                                                                                                                                                ; Off           ; --          ; --               ;
; TIMEQUEST_DO_REPORT_TIMING                        ; On                                                                                                                                                                                                                                                                                                                ; Off           ; --          ; --               ;
; USE_SIGNALTAP_FILE                                ; stp1.stp                                                                                                                                                                                                                                                                                                          ; --            ; --          ; --               ;
+---------------------------------------------------+-------------------------------------------------------------------------------------------------------------------------------------------------------------------------------------------------------------------------------------------------------------------------------------------------------------------+---------------+-------------+------------------+


+----------------------------------------------------------------------------------------------------------------------------+
; Flow Elapsed Time                                                                                                          ;
+------------------------+--------------+-------------------------+---------------------+------------------------------------+
; Module Name            ; Elapsed Time ; Average Processors Used ; Peak Virtual Memory ; Total CPU Time (on all processors) ;
+------------------------+--------------+-------------------------+---------------------+------------------------------------+
; Analysis & Elaboration ; 00:00:12     ; 1.0                     ; 546 MB              ; 00:00:12                           ;
; Total                  ; 00:00:12     ; --                      ; --                  ; 00:00:12                           ;
+------------------------+--------------+-------------------------+---------------------+------------------------------------+


+-------------------------------------------------------------------------------------+
; Flow OS Summary                                                                     ;
+------------------------+------------------+-----------+------------+----------------+
; Module Name            ; Machine Hostname ; OS Name   ; OS Version ; Processor type ;
+------------------------+------------------+-----------+------------+----------------+
; Analysis & Elaboration ; CirnoPC          ; Windows 7 ; 6.2        ; x86_64         ;
+------------------------+------------------+-----------+------------+----------------+


------------
; Flow Log ;
------------
quartus_map --read_settings_files=on --write_settings_files=off Niu32_multicycle -c Niu32_multicycle --analysis_and_elaboration



