Analysis & Elaboration report for Niu32_multicycle
Sun Jul 26 20:46:03 2015
Quartus II 64-Bit Version 13.0.1 Build 232 06/12/2013 Service Pack 1 SJ Web Edition


---------------------
; Table of Contents ;
---------------------
  1. Legal Notice
  2. Analysis & Elaboration Summary
  3. Parallel Compilation
  4. Parameter Settings for User Entity Instance: Top-level Entity: |Niu32_multicycle
  5. Parameter Settings for User Entity Instance: SXT:ExtendImmTo32
  6. Parameter Settings for Inferred Entity Instance: sld_signaltap:auto_signaltap_0
  7. Analysis & Elaboration Settings
  8. SignalTap II Logic Analyzer Settings
  9. Analysis & Elaboration Messages
 10. Analysis & Elaboration Suppressed Messages



----------------
; Legal Notice ;
----------------
Copyright (C) 1991-2013 Altera Corporation
Your use of Altera Corporation's design tools, logic functions 
and other software and tools, and its AMPP partner logic 
functions, and any output files from any of the foregoing 
(including device programming or simulation files), and any 
associated documentation or information are expressly subject 
to the terms and conditions of the Altera Program License 
Subscription Agreement, Altera MegaCore Function License 
Agreement, or other applicable license agreement, including, 
without limitation, that your use is for the sole purpose of 
programming logic devices manufactured by Altera and sold by 
Altera or its authorized distributors.  Please refer to the 
applicable agreement for further details.



+--------------------------------------------------------------------------------------+
; Analysis & Elaboration Summary                                                       ;
+------------------------------------+-------------------------------------------------+
; Analysis & Elaboration Status      ; Successful - Sun Jul 26 20:46:03 2015           ;
; Quartus II 64-Bit Version          ; 13.0.1 Build 232 06/12/2013 SP 1 SJ Web Edition ;
; Revision Name                      ; Niu32_multicycle                                ;
; Top-level Entity Name              ; Niu32_multicycle                                ;
; Family                             ; Cyclone II                                      ;
; Total logic elements               ; N/A until Partition Merge                       ;
;     Total combinational functions  ; N/A until Partition Merge                       ;
;     Dedicated logic registers      ; N/A until Partition Merge                       ;
; Total registers                    ; N/A until Partition Merge                       ;
; Total pins                         ; N/A until Partition Merge                       ;
; Total virtual pins                 ; N/A until Partition Merge                       ;
; Total memory bits                  ; N/A until Partition Merge                       ;
; Embedded Multiplier 9-bit elements ; N/A until Partition Merge                       ;
; Total PLLs                         ; N/A until Partition Merge                       ;
+------------------------------------+-------------------------------------------------+


+------------------------------------------+
; Parallel Compilation                     ;
+----------------------------+-------------+
; Processors                 ; Number      ;
+----------------------------+-------------+
; Number detected on machine ; 2           ;
; Maximum allowed            ; 2           ;
;                            ;             ;
; Average used               ; 1.00        ;
; Maximum used               ; 1           ;
;                            ;             ;
; Usage by Processor         ; % Time Used ;
;     Processor 1            ; 100.0%      ;
;     Processor 2            ;   0.0%      ;
+----------------------------+-------------+


+----------------------------------------------------------------------------------+
; Parameter Settings for User Entity Instance: Top-level Entity: |Niu32_multicycle ;
+-----------------+----------------------------------+-----------------------------+
; Parameter Name  ; Value                            ; Type                        ;
+-----------------+----------------------------------+-----------------------------+
; WORD_SIZE       ; 32                               ; Signed Integer              ;
; INSTR_SIZE      ; 4                                ; Signed Integer              ;
; IMM_SIZE        ; 17                               ; Signed Integer              ;
; NUM_REGS        ; 32                               ; Signed Integer              ;
; REG_BITS        ; 5                                ; Signed Integer              ;
; OP_BITS         ; 5                                ; Signed Integer              ;
; STATE_BITS      ; 6                                ; Signed Integer              ;
; ADDR_HEX        ; 11111111111111110000000000000000 ; Unsigned Binary             ;
; ADDR_LEDR       ; 11111111111111110000000000100000 ; Unsigned Binary             ;
; ADDR_LEDG       ; 11111111111111110000000001000000 ; Unsigned Binary             ;
; ADDR_KEY        ; 11111111111111110000000100000000 ; Unsigned Binary             ;
; ADDR_SWITCH     ; 11111111111111110000000100100000 ; Unsigned Binary             ;
; INIT_MIF        ; test1.mif                        ; String                      ;
; IMEM_WORDS      ; 2048                             ; Signed Integer              ;
; DMEM_WORDS      ; 2048                             ; Signed Integer              ;
; MEM_ADDR_BITS   ; 13                               ; Signed Integer              ;
; MEM_WORD_OFFSET ; 2                                ; Signed Integer              ;
; PC_STARTLOC     ; 00000000000000000000000000000000 ; Unsigned Binary             ;
; BUS_NOSIG       ; ZZZZZZZZZZZZZZZZZZZZZZZZZZZZZZZZ ; Unsigned Binary             ;
; BYTE_SEL_MASK   ; 00000000000000000000000011111111 ; Unsigned Binary             ;
; OP1_ALUI        ; 00000                            ; Unsigned Binary             ;
; OP1_ADDI        ; 00001                            ; Unsigned Binary             ;
; OP1_MLTI        ; 00010                            ; Unsigned Binary             ;
; OP1_DIVI        ; 00011                            ; Unsigned Binary             ;
; OP1_ANDI        ; 00101                            ; Unsigned Binary             ;
; OP1_ORI         ; 00110                            ; Unsigned Binary             ;
; OP1_XORI        ; 00111                            ; Unsigned Binary             ;
; OP1_SULI        ; 01000                            ; Unsigned Binary             ;
; OP1_SSLI        ; 01001                            ; Unsigned Binary             ;
; OP1_SURI        ; 01010                            ; Unsigned Binary             ;
; OP1_SSRI        ; 01011                            ; Unsigned Binary             ;
; OP1_LW          ; 10000                            ; Unsigned Binary             ;
; OP1_LB          ; 10001                            ; Unsigned Binary             ;
; OP1_SW          ; 10011                            ; Unsigned Binary             ;
; OP1_SB          ; 10100                            ; Unsigned Binary             ;
; OP1_LUI         ; 10110                            ; Unsigned Binary             ;
; OP1_BEQ         ; 11000                            ; Unsigned Binary             ;
; OP1_BNE         ; 11001                            ; Unsigned Binary             ;
; OP1_BLT         ; 11010                            ; Unsigned Binary             ;
; OP1_BLE         ; 11011                            ; Unsigned Binary             ;
; OP1_JAL         ; 11111                            ; Unsigned Binary             ;
; OP2_SUB         ; 00000                            ; Unsigned Binary             ;
; OP2_ADD         ; 00001                            ; Unsigned Binary             ;
; OP2_MLT         ; 00010                            ; Unsigned Binary             ;
; OP2_DIV         ; 00011                            ; Unsigned Binary             ;
; OP2_NOT         ; 00100                            ; Unsigned Binary             ;
; OP2_AND         ; 00101                            ; Unsigned Binary             ;
; OP2_OR          ; 00110                            ; Unsigned Binary             ;
; OP2_XOR         ; 00111                            ; Unsigned Binary             ;
; OP2_SUL         ; 01000                            ; Unsigned Binary             ;
; OP2_SSL         ; 01001                            ; Unsigned Binary             ;
; OP2_SUR         ; 01010                            ; Unsigned Binary             ;
; OP2_SSR         ; 01011                            ; Unsigned Binary             ;
; OP2_EQ          ; 10000                            ; Unsigned Binary             ;
; OP2_NEQ         ; 10001                            ; Unsigned Binary             ;
; OP2_LT          ; 10010                            ; Unsigned Binary             ;
; OP2_LEQ         ; 10011                            ; Unsigned Binary             ;
; OP3_LUI         ; 11100                            ; Unsigned Binary             ;
; OP3_BITSEL      ; 11101                            ; Unsigned Binary             ;
; OP3_BITUNSET    ; 11110                            ; Unsigned Binary             ;
; OP3_BITSET      ; 11111                            ; Unsigned Binary             ;
; S_FETCH         ; 000000                           ; Unsigned Binary             ;
; S_DECODE        ; 000001                           ; Unsigned Binary             ;
; S_ALU0I         ; 000010                           ; Unsigned Binary             ;
; S_ALU0R         ; 000011                           ; Unsigned Binary             ;
; S_ALU1          ; 000100                           ; Unsigned Binary             ;
; S_ALU2          ; 000101                           ; Unsigned Binary             ;
; S_ALU3          ; 000110                           ; Unsigned Binary             ;
; S_LW0           ; 000111                           ; Unsigned Binary             ;
; S_LW1           ; 001000                           ; Unsigned Binary             ;
; S_LW2           ; 001001                           ; Unsigned Binary             ;
; S_LW3           ; 001010                           ; Unsigned Binary             ;
; S_LB0           ; 001011                           ; Unsigned Binary             ;
; S_LB1           ; 001100                           ; Unsigned Binary             ;
; S_LB2           ; 001101                           ; Unsigned Binary             ;
; S_LB3           ; 001110                           ; Unsigned Binary             ;
; S_SW0           ; 001111                           ; Unsigned Binary             ;
; S_SW1           ; 010000                           ; Unsigned Binary             ;
; S_SW2           ; 010001                           ; Unsigned Binary             ;
; S_SW3           ; 010010                           ; Unsigned Binary             ;
; S_SB0           ; 010011                           ; Unsigned Binary             ;
; S_SB1           ; 010100                           ; Unsigned Binary             ;
; S_SB2           ; 010101                           ; Unsigned Binary             ;
; S_SB3           ; 010110                           ; Unsigned Binary             ;
; S_SB4           ; 010111                           ; Unsigned Binary             ;
; S_SB5           ; 011000                           ; Unsigned Binary             ;
; S_LUI0          ; 011001                           ; Unsigned Binary             ;
; S_LUI1          ; 011010                           ; Unsigned Binary             ;
; S_LUI2          ; 011011                           ; Unsigned Binary             ;
; S_BRCH0         ; 011100                           ; Unsigned Binary             ;
; S_BRCH1         ; 011101                           ; Unsigned Binary             ;
; S_BRCH2         ; 011110                           ; Unsigned Binary             ;
; S_BRCH3         ; 011111                           ; Unsigned Binary             ;
; S_BRCH4         ; 100000                           ; Unsigned Binary             ;
; S_BRCH5         ; 100001                           ; Unsigned Binary             ;
; S_JUMP0         ; 100010                           ; Unsigned Binary             ;
; S_JUMP1         ; 100011                           ; Unsigned Binary             ;
; S_ERROR         ; 111111                           ; Unsigned Binary             ;
; ON              ; 1                                ; Unsigned Binary             ;
; OFF             ; 0                                ; Unsigned Binary             ;
+-----------------+----------------------------------+-----------------------------+
Note: In order to hide this table in the UI and the text report file, please set the "Show Parameter Settings in Synthesis Report" option in "Analysis and Synthesis Settings -> More Settings" to "Off".


+----------------------------------------------------------------+
; Parameter Settings for User Entity Instance: SXT:ExtendImmTo32 ;
+----------------+-------+---------------------------------------+
; Parameter Name ; Value ; Type                                  ;
+----------------+-------+---------------------------------------+
; IBITS          ; 17    ; Signed Integer                        ;
; OBITS          ; 32    ; Signed Integer                        ;
+----------------+-------+---------------------------------------+
Note: In order to hide this table in the UI and the text report file, please set the "Show Parameter Settings in Synthesis Report" option in "Analysis and Synthesis Settings -> More Settings" to "Off".


+-------------------------------------------------------------------------------------------------------------------------------------------------------------------------------------------------------------------------------------------------------------------------------------------------------------------------------------------------------------------+
; Parameter Settings for Inferred Entity Instance: sld_signaltap:auto_signaltap_0                                                                                                                                                                                                                                                                                   ;
+-------------------------------------------------+------------------------------------------------------------------------------------------------------------------------------------------------------------------------------------------------------------------------------------------------------------------------------------------------+----------------+
; Parameter Name                                  ; Value                                                                                                                                                                                                                                                                                          ; Type           ;
+-------------------------------------------------+------------------------------------------------------------------------------------------------------------------------------------------------------------------------------------------------------------------------------------------------------------------------------------------------+----------------+
; lpm_type                                        ; sld_signaltap                                                                                                                                                                                                                                                                                  ; String         ;
; sld_node_info                                   ; 805334528                                                                                                                                                                                                                                                                                      ; Untyped        ;
; SLD_IP_VERSION                                  ; 6                                                                                                                                                                                                                                                                                              ; Signed Integer ;
; SLD_IP_MINOR_VERSION                            ; 0                                                                                                                                                                                                                                                                                              ; Signed Integer ;
; SLD_COMMON_IP_VERSION                           ; 0                                                                                                                                                                                                                                                                                              ; Signed Integer ;
; sld_data_bits                                   ; 66                                                                                                                                                                                                                                                                                             ; Untyped        ;
; sld_trigger_bits                                ; 66                                                                                                                                                                                                                                                                                             ; Untyped        ;
; SLD_NODE_CRC_BITS                               ; 32                                                                                                                                                                                                                                                                                             ; Signed Integer ;
; sld_node_crc_hiword                             ; 13148                                                                                                                                                                                                                                                                                          ; Untyped        ;
; sld_node_crc_loword                             ; 14419                                                                                                                                                                                                                                                                                          ; Untyped        ;
; SLD_INCREMENTAL_ROUTING                         ; 0                                                                                                                                                                                                                                                                                              ; Signed Integer ;
; sld_sample_depth                                ; 128                                                                                                                                                                                                                                                                                            ; Untyped        ;
; sld_segment_size                                ; 128                                                                                                                                                                                                                                                                                            ; Untyped        ;
; SLD_RAM_BLOCK_TYPE                              ; AUTO                                                                                                                                                                                                                                                                                           ; String         ;
; sld_state_bits                                  ; 11                                                                                                                                                                                                                                                                                             ; Untyped        ;
; sld_buffer_full_stop                            ; 1                                                                                                                                                                                                                                                                                              ; Untyped        ;
; SLD_MEM_ADDRESS_BITS                            ; 7                                                                                                                                                                                                                                                                                              ; Signed Integer ;
; SLD_DATA_BIT_CNTR_BITS                          ; 4                                                                                                                                                                                                                                                                                              ; Signed Integer ;
; sld_trigger_level                               ; 1                                                                                                                                                                                                                                                                                              ; Untyped        ;
; sld_trigger_in_enabled                          ; 0                                                                                                                                                                                                                                                                                              ; Untyped        ;
; SLD_HPS_TRIGGER_IN_ENABLED                      ; 0                                                                                                                                                                                                                                                                                              ; Signed Integer ;
; SLD_HPS_TRIGGER_OUT_ENABLED                     ; 0                                                                                                                                                                                                                                                                                              ; Signed Integer ;
; SLD_HPS_EVENT_ENABLED                           ; 0                                                                                                                                                                                                                                                                                              ; Signed Integer ;
; SLD_HPS_EVENT_ID                                ; 0                                                                                                                                                                                                                                                                                              ; Signed Integer ;
; sld_advanced_trigger_entity                     ; basic,1,                                                                                                                                                                                                                                                                                       ; Untyped        ;
; sld_trigger_level_pipeline                      ; 1                                                                                                                                                                                                                                                                                              ; Untyped        ;
; sld_enable_advanced_trigger                     ; 0                                                                                                                                                                                                                                                                                              ; Untyped        ;
; SLD_ADVANCED_TRIGGER_1                          ; NONE                                                                                                                                                                                                                                                                                           ; String         ;
; SLD_ADVANCED_TRIGGER_2                          ; NONE                                                                                                                                                                                                                                                                                           ; String         ;
; SLD_ADVANCED_TRIGGER_3                          ; NONE                                                                                                                                                                                                                                                                                           ; String         ;
; SLD_ADVANCED_TRIGGER_4                          ; NONE                                                                                                                                                                                                                                                                                           ; String         ;
; SLD_ADVANCED_TRIGGER_5                          ; NONE                                                                                                                                                                                                                                                                                           ; String         ;
; SLD_ADVANCED_TRIGGER_6                          ; NONE                                                                                                                                                                                                                                                                                           ; String         ;
; SLD_ADVANCED_TRIGGER_7                          ; NONE                                                                                                                                                                                                                                                                                           ; String         ;
; SLD_ADVANCED_TRIGGER_8                          ; NONE                                                                                                                                                                                                                                                                                           ; String         ;
; SLD_ADVANCED_TRIGGER_9                          ; NONE                                                                                                                                                                                                                                                                                           ; String         ;
; SLD_ADVANCED_TRIGGER_10                         ; NONE                                                                                                                                                                                                                                                                                           ; String         ;
; sld_inversion_mask_length                       ; 286                                                                                                                                                                                                                                                                                            ; Untyped        ;
; sld_inversion_mask                              ; 0000000000000000000000000000000000000000000000000000000000000000000000000000000000000000000000000000000000000000000000000000000000000000000000000000000000000000000000000000000000000000000000000000000000000000000000000000000000000000000000000000000000000000000000000000000000000000000000 ; Untyped        ;
; sld_power_up_trigger                            ; 0                                                                                                                                                                                                                                                                                              ; Untyped        ;
; SLD_STATE_FLOW_MGR_ENTITY                       ; state_flow_mgr_entity.vhd                                                                                                                                                                                                                                                                      ; String         ;
; sld_state_flow_use_generated                    ; 0                                                                                                                                                                                                                                                                                              ; Untyped        ;
; sld_current_resource_width                      ; 1                                                                                                                                                                                                                                                                                              ; Untyped        ;
; sld_attribute_mem_mode                          ; OFF                                                                                                                                                                                                                                                                                            ; Untyped        ;
; sld_storage_qualifier_bits                      ; 66                                                                                                                                                                                                                                                                                             ; Untyped        ;
; sld_storage_qualifier_gap_record                ; 1                                                                                                                                                                                                                                                                                              ; Untyped        ;
; sld_storage_qualifier_mode                      ; TRANSITIONAL                                                                                                                                                                                                                                                                                   ; Untyped        ;
; SLD_STORAGE_QUALIFIER_ENABLE_ADVANCED_CONDITION ; 0                                                                                                                                                                                                                                                                                              ; Signed Integer ;
; sld_storage_qualifier_inversion_mask_length     ; 67                                                                                                                                                                                                                                                                                             ; Untyped        ;
; SLD_STORAGE_QUALIFIER_ADVANCED_CONDITION_ENTITY ; basic                                                                                                                                                                                                                                                                                          ; String         ;
; SLD_STORAGE_QUALIFIER_PIPELINE                  ; 0                                                                                                                                                                                                                                                                                              ; Signed Integer ;
+-------------------------------------------------+------------------------------------------------------------------------------------------------------------------------------------------------------------------------------------------------------------------------------------------------------------------------------------------------+----------------+
Note: In order to hide this table in the UI and the text report file, please set the "Show Parameter Settings in Synthesis Report" option in "Analysis and Synthesis Settings -> More Settings" to "Off".


+----------------------------------------------------------------------------------------------------------------------+
; Analysis & Elaboration Settings                                                                                      ;
+----------------------------------------------------------------------------+--------------------+--------------------+
; Option                                                                     ; Setting            ; Default Value      ;
+----------------------------------------------------------------------------+--------------------+--------------------+
; Device                                                                     ; EP2C20F484C7       ;                    ;
; Top-level entity name                                                      ; Niu32_multicycle   ; Niu32_multicycle   ;
; Family name                                                                ; Cyclone II         ; Cyclone IV GX      ;
; Use smart compilation                                                      ; On                 ; Off                ;
; Add Pass-Through Logic to Inferred RAMs                                    ; Off                ; On                 ;
; Remove Redundant Logic Cells                                               ; On                 ; Off                ;
; Optimization Technique                                                     ; Speed              ; Balanced           ;
; Auto RAM to Logic Cell Conversion                                          ; On                 ; Off                ;
; Allow Any RAM Size For Recognition                                         ; On                 ; Off                ;
; Allow Any ROM Size For Recognition                                         ; On                 ; Off                ;
; Timing-Driven Synthesis                                                    ; On                 ; Off                ;
; Enable parallel Assembler and TimeQuest Timing Analyzer during compilation ; On                 ; On                 ;
; Enable compact report table                                                ; Off                ; Off                ;
; Restructure Multiplexers                                                   ; Auto               ; Auto               ;
; Create Debugging Nodes for IP Cores                                        ; Off                ; Off                ;
; Preserve fewer node names                                                  ; On                 ; On                 ;
; Disable OpenCore Plus hardware evaluation                                  ; Off                ; Off                ;
; Verilog Version                                                            ; Verilog_2001       ; Verilog_2001       ;
; VHDL Version                                                               ; VHDL_1993          ; VHDL_1993          ;
; State Machine Processing                                                   ; Auto               ; Auto               ;
; Safe State Machine                                                         ; Off                ; Off                ;
; Extract Verilog State Machines                                             ; On                 ; On                 ;
; Extract VHDL State Machines                                                ; On                 ; On                 ;
; Ignore Verilog initial constructs                                          ; Off                ; Off                ;
; Iteration limit for constant Verilog loops                                 ; 5000               ; 5000               ;
; Iteration limit for non-constant Verilog loops                             ; 250                ; 250                ;
; Infer RAMs from Raw Logic                                                  ; On                 ; On                 ;
; Parallel Synthesis                                                         ; On                 ; On                 ;
; DSP Block Balancing                                                        ; Auto               ; Auto               ;
; NOT Gate Push-Back                                                         ; On                 ; On                 ;
; Power-Up Don't Care                                                        ; On                 ; On                 ;
; Remove Duplicate Registers                                                 ; On                 ; On                 ;
; Ignore CARRY Buffers                                                       ; Off                ; Off                ;
; Ignore CASCADE Buffers                                                     ; Off                ; Off                ;
; Ignore GLOBAL Buffers                                                      ; Off                ; Off                ;
; Ignore ROW GLOBAL Buffers                                                  ; Off                ; Off                ;
; Ignore LCELL Buffers                                                       ; Off                ; Off                ;
; Ignore SOFT Buffers                                                        ; On                 ; On                 ;
; Limit AHDL Integers to 32 Bits                                             ; Off                ; Off                ;
; Carry Chain Length                                                         ; 70                 ; 70                 ;
; Auto Carry Chains                                                          ; On                 ; On                 ;
; Auto Open-Drain Pins                                                       ; On                 ; On                 ;
; Perform WYSIWYG Primitive Resynthesis                                      ; Off                ; Off                ;
; Auto ROM Replacement                                                       ; On                 ; On                 ;
; Auto RAM Replacement                                                       ; On                 ; On                 ;
; Auto Shift Register Replacement                                            ; Auto               ; Auto               ;
; Allow Shift Register Merging across Hierarchies                            ; Auto               ; Auto               ;
; Auto Clock Enable Replacement                                              ; On                 ; On                 ;
; Strict RAM Replacement                                                     ; Off                ; Off                ;
; Allow Synchronous Control Signals                                          ; On                 ; On                 ;
; Force Use of Synchronous Clear Signals                                     ; Off                ; Off                ;
; Auto Resource Sharing                                                      ; Off                ; Off                ;
; Allow Any Shift Register Size For Recognition                              ; Off                ; Off                ;
; Use LogicLock Constraints during Resource Balancing                        ; On                 ; On                 ;
; Ignore translate_off and synthesis_off directives                          ; Off                ; Off                ;
; Report Parameter Settings                                                  ; On                 ; On                 ;
; Report Source Assignments                                                  ; On                 ; On                 ;
; Report Connectivity Checks                                                 ; On                 ; On                 ;
; Ignore Maximum Fan-Out Assignments                                         ; Off                ; Off                ;
; Synchronization Register Chain Length                                      ; 2                  ; 2                  ;
; PowerPlay Power Optimization                                               ; Normal compilation ; Normal compilation ;
; HDL message level                                                          ; Level2             ; Level2             ;
; Suppress Register Optimization Related Messages                            ; Off                ; Off                ;
; Number of Removed Registers Reported in Synthesis Report                   ; 5000               ; 5000               ;
; Number of Swept Nodes Reported in Synthesis Report                         ; 5000               ; 5000               ;
; Number of Inverted Registers Reported in Synthesis Report                  ; 100                ; 100                ;
; Clock MUX Protection                                                       ; On                 ; On                 ;
; Auto Gated Clock Conversion                                                ; Off                ; Off                ;
; Block Design Naming                                                        ; Auto               ; Auto               ;
; SDC constraint protection                                                  ; Off                ; Off                ;
; Synthesis Effort                                                           ; Auto               ; Auto               ;
; Shift Register Replacement - Allow Asynchronous Clear Signal               ; On                 ; On                 ;
; Pre-Mapping Resynthesis Optimization                                       ; Off                ; Off                ;
; Analysis & Synthesis Message Level                                         ; Medium             ; Medium             ;
; Disable Register Merging Across Hierarchies                                ; Auto               ; Auto               ;
; Resource Aware Inference For Block RAM                                     ; On                 ; On                 ;
; Synthesis Seed                                                             ; 1                  ; 1                  ;
+----------------------------------------------------------------------------+--------------------+--------------------+


+-------------------------------------------------------------------------------------------------------------------------------------------------------------------------------------------------------------------------------------------------------------------------+
; SignalTap II Logic Analyzer Settings                                                                                                                                                                                                                                    ;
+----------------+------------------+---------------------+------------------+--------------+----------+------------------------+----------------------+--------------------+-----------------------------+-----------------+------------------+--------------------------+
; Instance Index ; Instance Name    ; Trigger Input Width ; Data Input Width ; Sample Depth ; Segments ; Storage Qualifier Type ; Trigger Flow Control ; Trigger Conditions ; Advanced Trigger Conditions ; Trigger In Used ; Trigger Out Used ; Power-Up Trigger Enabled ;
+----------------+------------------+---------------------+------------------+--------------+----------+------------------------+----------------------+--------------------+-----------------------------+-----------------+------------------+--------------------------+
; 0              ; auto_signaltap_0 ; 66                  ; 66               ; 128          ; 1        ; continuous             ; sequential           ; 1                  ; 0                           ; no              ; no               ; no                       ;
+----------------+------------------+---------------------+------------------+--------------+----------+------------------------+----------------------+--------------------+-----------------------------+-----------------+------------------+--------------------------+


+---------------------------------+
; Analysis & Elaboration Messages ;
+---------------------------------+
Info: *******************************************************************
Info: Running Quartus II 64-Bit Analysis & Elaboration
    Info: Version 13.0.1 Build 232 06/12/2013 Service Pack 1 SJ Web Edition
    Info: Processing started: Sun Jul 26 20:45:45 2015
Info: Command: quartus_map --read_settings_files=on --write_settings_files=off Niu32_multicycle -c Niu32_multicycle --analysis_and_elaboration
Info (20030): Parallel compilation is enabled and will use 2 of the 2 processors detected
Info (12021): Found 1 design units, including 1 entities, in source file clockdivider.v
    Info (12023): Found entity 1: ClockDivider
Info (12021): Found 1 design units, including 1 entities, in source file niu32_multicycle.v
    Info (12023): Found entity 1: Niu32_multicycle
Info (12021): Found 1 design units, including 1 entities, in source file pll.v
    Info (12023): Found entity 1: Pll
Info (12021): Found 1 design units, including 1 entities, in source file sevenseg.v
    Info (12023): Found entity 1: SevenSeg
Info (12021): Found 1 design units, including 1 entities, in source file sxt.v
    Info (12023): Found entity 1: SXT
Warning (10236): Verilog HDL Implicit Net warning at ClockDivider.v(17): created implicit net for "clkout"
Info (12127): Elaborating entity "Niu32_multicycle" for the top level hierarchy
Warning (10858): Verilog HDL warning at Niu32_multicycle.v(95): object lock used but never assigned
Warning (10858): Verilog HDL warning at Niu32_multicycle.v(167): object imem used but never assigned
Warning (10030): Net "lock" at Niu32_multicycle.v(95) has no driver or initial value, using a default initial value '0'
Info (12128): Elaborating entity "SevenSeg" for hierarchy "SevenSeg:Hex0Out"
Info (12128): Elaborating entity "SXT" for hierarchy "SXT:ExtendImmTo32"
Info (12021): Found 1 design units, including 1 entities, in source file db/altsyncram_8q14.tdf
    Info (12023): Found entity 1: altsyncram_8q14
Info (12021): Found 1 design units, including 1 entities, in source file db/mux_aoc.tdf
    Info (12023): Found entity 1: mux_aoc
Info (12021): Found 1 design units, including 1 entities, in source file db/decode_rqf.tdf
    Info (12023): Found entity 1: decode_rqf
Info (12021): Found 1 design units, including 1 entities, in source file db/cntr_6ci.tdf
    Info (12023): Found entity 1: cntr_6ci
Info (12021): Found 1 design units, including 1 entities, in source file db/cmpr_bcc.tdf
    Info (12023): Found entity 1: cmpr_bcc
Info (12021): Found 1 design units, including 1 entities, in source file db/cntr_02j.tdf
    Info (12023): Found entity 1: cntr_02j
Info (12021): Found 1 design units, including 1 entities, in source file db/cntr_sbi.tdf
    Info (12023): Found entity 1: cntr_sbi
Info (12021): Found 1 design units, including 1 entities, in source file db/cmpr_8cc.tdf
    Info (12023): Found entity 1: cmpr_8cc
Info (12021): Found 1 design units, including 1 entities, in source file db/cntr_gui.tdf
    Info (12023): Found entity 1: cntr_gui
Info (12021): Found 1 design units, including 1 entities, in source file db/cmpr_5cc.tdf
    Info (12023): Found entity 1: cmpr_5cc
Info (12033): Analysis and Synthesis generated SignalTap II or debug node instance "auto_signaltap_0"
Info (144001): Generated suppressed messages file C:/Users/jinhai/dev/Niu32-multicycle/Niu32_multicycle.map.smsg
Info: Quartus II 64-Bit Analysis & Elaboration was successful. 0 errors, 4 warnings
    Info: Peak virtual memory: 546 megabytes
    Info: Processing ended: Sun Jul 26 20:46:03 2015
    Info: Elapsed time: 00:00:18
    Info: Total CPU time (on all processors): 00:00:12


+--------------------------------------------+
; Analysis & Elaboration Suppressed Messages ;
+--------------------------------------------+
The suppressed messages can be found in C:/Users/jinhai/dev/Niu32-multicycle/Niu32_multicycle.map.smsg.


